# JRE version: OpenJDK Runtime Environment (8.0_152) (build 1.8.0_152-release-1343-b16-5323222)
# Java VM: OpenJDK 64-Bit Server VM (25.152-b16-5323222 mixed mode linux-amd64 compressed oops)
Heap:
 PSYoungGen      total 482816K, used 0K [0x00000000e0000000, 0x0000000100000000, 0x0000000100000000)
  eden space 447488K, 0% used [0x00000000e0000000,0x00000000e0000000,0x00000000fb500000)
  from space 35328K, 0% used [0x00000000fb500000,0x00000000fb500000,0x00000000fd780000)
  to   space 41472K, 35% used [0x00000000fd780000,0x00000000fe5b8ce8,0x0000000100000000)
 ParOldGen       total 228864K, used 228534K [0x00000000a0000000, 0x00000000adf80000, 0x00000000e0000000)
  object space 228864K, 99% used [0x00000000a0000000,0x00000000adf2db98,0x00000000adf80000)
 Metaspace       used 91577K, capacity 94930K, committed 95768K, reserved 1132544K
  class space    used 11445K, capacity 12106K, committed 12328K, reserved 1048576K
GC Heap History (10 events):
Event: 191.364 GC heap after
Heap after GC invocations=59 (full 3):
 PSYoungGen      total 485376K, used 17550K [0x00000000e0000000, 0x0000000100000000, 0x0000000100000000)
  eden space 444928K, 0% used [0x00000000e0000000,0x00000000e0000000,0x00000000fb280000)
  from space 40448K, 43% used [0x00000000fd880000,0x00000000fe9a3b50,0x0000000100000000)
  to   space 38912K, 0% used [0x00000000fb280000,0x00000000fb280000,0x00000000fd880000)
 ParOldGen       total 165888K, used 139913K [0x00000000a0000000, 0x00000000aa200000, 0x00000000e0000000)
  object space 165888K, 84% used [0x00000000a0000000,0x00000000a88a2740,0x00000000aa200000)
 Metaspace       used 91212K, capacity 94596K, committed 94872K, reserved 1132544K
  class space    used 11443K, capacity 12145K, committed 12200K, reserved 1048576K
}
Event: 192.417 GC heap before
{Heap before GC invocations=60 (full 3):
 PSYoungGen      total 485376K, used 462478K [0x00000000e0000000, 0x0000000100000000, 0x0000000100000000)
  eden space 444928K, 100% used [0x00000000e0000000,0x00000000fb280000,0x00000000fb280000)
  from space 40448K, 43% used [0x00000000fd880000,0x00000000fe9a3b50,0x0000000100000000)
  to   space 38912K, 0% used [0x00000000fb280000,0x00000000fb280000,0x00000000fd880000)
 ParOldGen       total 165888K, used 139913K [0x00000000a0000000, 0x00000000aa200000, 0x00000000e0000000)
  object space 165888K, 84% used [0x00000000a0000000,0x00000000a88a2740,0x00000000aa200000)
 Metaspace       used 91213K, capacity 94596K, committed 94872K, reserved 1132544K
  class space    used 11443K, capacity 12145K, committed 12200K, reserved 1048576K
Event: 192.433 GC heap after
Heap after GC invocations=60 (full 3):
 PSYoungGen      total 453632K, used 8304K [0x00000000e0000000, 0x00000000ffc80000, 0x0000000100000000)
  eden space 444928K, 0% used [0x00000000e0000000,0x00000000e0000000,0x00000000fb280000)
  from space 8704K, 95% used [0x00000000fb280000,0x00000000fba9c0d0,0x00000000fbb00000)
  to   space 37888K, 0% used [0x00000000fd780000,0x00000000fd780000,0x00000000ffc80000)
 ParOldGen       total 165888K, used 139929K [0x00000000a0000000, 0x00000000aa200000, 0x00000000e0000000)
  object space 165888K, 84% used [0x00000000a0000000,0x00000000a88a6740,0x00000000aa200000)
 Metaspace       used 91213K, capacity 94596K, committed 94872K, reserved 1132544K
  class space    used 11443K, capacity 12145K, committed 12200K, reserved 1048576K
}
Event: 194.401 GC heap before
{Heap before GC invocations=61 (full 3):
 PSYoungGen      total 453632K, used 453232K [0x00000000e0000000, 0x00000000ffc80000, 0x0000000100000000)
  eden space 444928K, 100% used [0x00000000e0000000,0x00000000fb280000,0x00000000fb280000)
  from space 8704K, 95% used [0x00000000fb280000,0x00000000fba9c0d0,0x00000000fbb00000)
  to   space 37888K, 0% used [0x00000000fd780000,0x00000000fd780000,0x00000000ffc80000)
 ParOldGen       total 165888K, used 139929K [0x00000000a0000000, 0x00000000aa200000, 0x00000000e0000000)
  object space 165888K, 84% used [0x00000000a0000000,0x00000000a88a6740,0x00000000aa200000)
 Metaspace       used 91297K, capacity 94622K, committed 94872K, reserved 1132544K
  class space    used 11451K, capacity 12150K, committed 12200K, reserved 1048576K
Event: 194.422 GC heap after
Heap after GC invocations=61 (full 3):
 PSYoungGen      total 485376K, used 12716K [0x00000000e0000000, 0x0000000100000000, 0x0000000100000000)
  eden space 447488K, 0% used [0x00000000e0000000,0x00000000e0000000,0x00000000fb500000)
  from space 37888K, 33% used [0x00000000fd780000,0x00000000fe3eb168,0x00000000ffc80000)
  to   space 35328K, 0% used [0x00000000fb500000,0x00000000fb500000,0x00000000fd780000)
 ParOldGen       total 165888K, used 139937K [0x00000000a0000000, 0x00000000aa200000, 0x00000000e0000000)
  object space 165888K, 84% used [0x00000000a0000000,0x00000000a88a8740,0x00000000aa200000)
 Metaspace       used 91297K, capacity 94622K, committed 94872K, reserved 1132544K
  class space    used 11451K, capacity 12150K, committed 12200K, reserved 1048576K
}
Event: 204.869 GC heap before
{Heap before GC invocations=62 (full 3):
 PSYoungGen      total 485376K, used 460204K [0x00000000e0000000, 0x0000000100000000, 0x0000000100000000)
  eden space 447488K, 100% used [0x00000000e0000000,0x00000000fb500000,0x00000000fb500000)
  from space 37888K, 33% used [0x00000000fd780000,0x00000000fe3eb168,0x00000000ffc80000)
  to   space 35328K, 0% used [0x00000000fb500000,0x00000000fb500000,0x00000000fd780000)
 ParOldGen       total 165888K, used 139937K [0x00000000a0000000, 0x00000000aa200000, 0x00000000e0000000)
  object space 165888K, 84% used [0x00000000a0000000,0x00000000a88a8740,0x00000000aa200000)
 Metaspace       used 91518K, capacity 94932K, committed 95128K, reserved 1132544K
  class space    used 11463K, capacity 12159K, committed 12200K, reserved 1048576K
Event: 204.926 GC heap after
Heap after GC invocations=62 (full 3):
 PSYoungGen      total 482816K, used 35301K [0x00000000e0000000, 0x0000000100000000, 0x0000000100000000)
  eden space 447488K, 0% used [0x00000000e0000000,0x00000000e0000000,0x00000000fb500000)
  from space 35328K, 99% used [0x00000000fb500000,0x00000000fd779518,0x00000000fd780000)
  to   space 41472K, 0% used [0x00000000fd780000,0x00000000fd780000,0x0000000100000000)
 ParOldGen       total 165888K, used 155583K [0x00000000a0000000, 0x00000000aa200000, 0x00000000e0000000)
  object space 165888K, 93% used [0x00000000a0000000,0x00000000a97eff40,0x00000000aa200000)
 Metaspace       used 91518K, capacity 94932K, committed 95128K, reserved 1132544K
  class space    used 11463K, capacity 12159K, committed 12200K, reserved 1048576K
}
Event: 207.961 GC heap before
{Heap before GC invocations=63 (full 3):
 PSYoungGen      total 482816K, used 482789K [0x00000000e0000000, 0x0000000100000000, 0x0000000100000000)
  eden space 447488K, 100% used [0x00000000e0000000,0x00000000fb500000,0x00000000fb500000)
  from space 35328K, 99% used [0x00000000fb500000,0x00000000fd779518,0x00000000fd780000)
  to   space 41472K, 0% used [0x00000000fd780000,0x00000000fd780000,0x0000000100000000)
 ParOldGen       total 165888K, used 155583K [0x00000000a0000000, 0x00000000aa200000, 0x00000000e0000000)
  object space 165888K, 93% used [0x00000000a0000000,0x00000000a97eff40,0x00000000aa200000)
 Metaspace       used 92038K, capacity 95518K, committed 95768K, reserved 1132544K
  class space    used 11511K, capacity 12210K, committed 12328K, reserved 1048576K
Event: 208.575 GC heap after
Heap after GC invocations=63 (full 3):
 PSYoungGen      total 482816K, used 482789K [0x00000000e0000000, 0x0000000100000000, 0x0000000100000000)
  eden space 447488K, 100% used [0x00000000e0000000,0x00000000fb500000,0x00000000fb500000)
  from space 35328K, 99% used [0x00000000fb500000,0x00000000fd779518,0x00000000fd780000)
  to   space 41472K, 99% used [0x00000000fd780000,0x00000000fffff958,0x0000000100000000)
 ParOldGen       total 228864K, used 228461K [0x00000000a0000000, 0x00000000adf80000, 0x00000000e0000000)
  object space 228864K, 99% used [0x00000000a0000000,0x00000000adf1b550,0x00000000adf80000)
 Metaspace       used 92038K, capacity 95518K, committed 95768K, reserved 1132544K
  class space    used 11511K, capacity 12210K, committed 12328K, reserved 1048576K
}
Event: 208.610 GC heap before
{Heap before GC invocations=64 (full 4):
 PSYoungGen      total 482816K, used 482789K [0x00000000e0000000, 0x0000000100000000, 0x0000000100000000)
  eden space 447488K, 100% used [0x00000000e0000000,0x00000000fb500000,0x00000000fb500000)
  from space 35328K, 99% used [0x00000000fb500000,0x00000000fd779518,0x00000000fd780000)
  to   space 41472K, 99% used [0x00000000fd780000,0x00000000fffff958,0x0000000100000000)
 ParOldGen       total 228864K, used 228461K [0x00000000a0000000, 0x00000000adf80000, 0x00000000e0000000)
  object space 228864K, 99% used [0x00000000a0000000,0x00000000adf1b550,0x00000000adf80000)
 Metaspace       used 92038K, capacity 95518K, committed 95768K, reserved 1132544K
  class space    used 11511K, capacity 12210K, committed 12328K, reserved 1048576K

