# JRE version: OpenJDK Runtime Environment (8.0_152) (build 1.8.0_152-release-1343-b16-5323222)
# Java VM: OpenJDK 64-Bit Server VM (25.152-b16-5323222 mixed mode linux-amd64 compressed oops)
Heap:
 PSYoungGen      total 217600K, used 16888K [0x00000000e0000000, 0x00000000ee600000, 0x0000000100000000)
  eden space 200704K, 0% used [0x00000000e0000000,0x00000000e0000000,0x00000000ec400000)
  from space 16896K, 99% used [0x00000000ec400000,0x00000000ed47e030,0x00000000ed480000)
  to   space 16384K, 0% used [0x00000000ed480000,0x00000000ed480000,0x00000000ee480000)
 ParOldGen       total 100352K, used 23665K [0x00000000a0000000, 0x00000000a6200000, 0x00000000e0000000)
  object space 100352K, 23% used [0x00000000a0000000,0x00000000a171c438,0x00000000a6200000)
 Metaspace       used 50399K, capacity 51700K, committed 52008K, reserved 1093632K
  class space    used 6772K, capacity 7084K, committed 7208K, reserved 1048576K
GC Heap History (10 events):
Event: 4.986 GC heap after
Heap after GC invocations=4 (full 0):
 PSYoungGen      total 132096K, used 5108K [0x00000000e0000000, 0x00000000e8600000, 0x0000000100000000)
  eden space 126976K, 0% used [0x00000000e0000000,0x00000000e0000000,0x00000000e7c00000)
  from space 5120K, 99% used [0x00000000e8100000,0x00000000e85fd070,0x00000000e8600000)
  to   space 5120K, 0% used [0x00000000e7c00000,0x00000000e7c00000,0x00000000e8100000)
 ParOldGen       total 84992K, used 11093K [0x00000000a0000000, 0x00000000a5300000, 0x00000000e0000000)
  object space 84992K, 13% used [0x00000000a0000000,0x00000000a0ad5520,0x00000000a5300000)
 Metaspace       used 20630K, capacity 21078K, committed 21296K, reserved 1067008K
  class space    used 2899K, capacity 3092K, committed 3200K, reserved 1048576K
}
Event: 4.986 GC heap before
{Heap before GC invocations=5 (full 1):
 PSYoungGen      total 132096K, used 5108K [0x00000000e0000000, 0x00000000e8600000, 0x0000000100000000)
  eden space 126976K, 0% used [0x00000000e0000000,0x00000000e0000000,0x00000000e7c00000)
  from space 5120K, 99% used [0x00000000e8100000,0x00000000e85fd070,0x00000000e8600000)
  to   space 5120K, 0% used [0x00000000e7c00000,0x00000000e7c00000,0x00000000e8100000)
 ParOldGen       total 84992K, used 11093K [0x00000000a0000000, 0x00000000a5300000, 0x00000000e0000000)
  object space 84992K, 13% used [0x00000000a0000000,0x00000000a0ad5520,0x00000000a5300000)
 Metaspace       used 20630K, capacity 21078K, committed 21296K, reserved 1067008K
  class space    used 2899K, capacity 3092K, committed 3200K, reserved 1048576K
Event: 5.056 GC heap after
Heap after GC invocations=5 (full 1):
 PSYoungGen      total 132096K, used 0K [0x00000000e0000000, 0x00000000e8600000, 0x0000000100000000)
  eden space 126976K, 0% used [0x00000000e0000000,0x00000000e0000000,0x00000000e7c00000)
  from space 5120K, 0% used [0x00000000e8100000,0x00000000e8100000,0x00000000e8600000)
  to   space 5120K, 0% used [0x00000000e7c00000,0x00000000e7c00000,0x00000000e8100000)
 ParOldGen       total 62976K, used 10995K [0x00000000a0000000, 0x00000000a3d80000, 0x00000000e0000000)
  object space 62976K, 17% used [0x00000000a0000000,0x00000000a0abcf98,0x00000000a3d80000)
 Metaspace       used 20630K, capacity 21078K, committed 21296K, reserved 1067008K
  class space    used 2899K, capacity 3092K, committed 3200K, reserved 1048576K
}
Event: 7.235 GC heap before
{Heap before GC invocations=6 (full 1):
 PSYoungGen      total 132096K, used 126976K [0x00000000e0000000, 0x00000000e8600000, 0x0000000100000000)
  eden space 126976K, 100% used [0x00000000e0000000,0x00000000e7c00000,0x00000000e7c00000)
  from space 5120K, 0% used [0x00000000e8100000,0x00000000e8100000,0x00000000e8600000)
  to   space 5120K, 0% used [0x00000000e7c00000,0x00000000e7c00000,0x00000000e8100000)
 ParOldGen       total 62976K, used 10995K [0x00000000a0000000, 0x00000000a3d80000, 0x00000000e0000000)
  object space 62976K, 17% used [0x00000000a0000000,0x00000000a0abcf98,0x00000000a3d80000)
 Metaspace       used 31841K, capacity 32474K, committed 32768K, reserved 1077248K
  class space    used 4384K, capacity 4588K, committed 4608K, reserved 1048576K
Event: 7.257 GC heap after
Heap after GC invocations=6 (full 1):
 PSYoungGen      total 132096K, used 5120K [0x00000000e0000000, 0x00000000ee480000, 0x0000000100000000)
  eden space 126976K, 0% used [0x00000000e0000000,0x00000000e0000000,0x00000000e7c00000)
  from space 5120K, 100% used [0x00000000e7c00000,0x00000000e8100000,0x00000000e8100000)
  to   space 16384K, 0% used [0x00000000ed480000,0x00000000ed480000,0x00000000ee480000)
 ParOldGen       total 62976K, used 19370K [0x00000000a0000000, 0x00000000a3d80000, 0x00000000e0000000)
  object space 62976K, 30% used [0x00000000a0000000,0x00000000a12ea900,0x00000000a3d80000)
 Metaspace       used 31841K, capacity 32474K, committed 32768K, reserved 1077248K
  class space    used 4384K, capacity 4588K, committed 4608K, reserved 1048576K
}
Event: 8.834 GC heap before
{Heap before GC invocations=7 (full 1):
 PSYoungGen      total 132096K, used 69867K [0x00000000e0000000, 0x00000000ee480000, 0x0000000100000000)
  eden space 126976K, 50% used [0x00000000e0000000,0x00000000e3f3ac98,0x00000000e7c00000)
  from space 5120K, 100% used [0x00000000e7c00000,0x00000000e8100000,0x00000000e8100000)
  to   space 16384K, 0% used [0x00000000ed480000,0x00000000ed480000,0x00000000ee480000)
 ParOldGen       total 62976K, used 19370K [0x00000000a0000000, 0x00000000a3d80000, 0x00000000e0000000)
  object space 62976K, 30% used [0x00000000a0000000,0x00000000a12ea900,0x00000000a3d80000)
 Metaspace       used 34652K, capacity 35480K, committed 35496K, reserved 1079296K
  class space    used 4808K, capacity 5018K, committed 5032K, reserved 1048576K
Event: 8.866 GC heap after
Heap after GC invocations=7 (full 1):
 PSYoungGen      total 217088K, used 11953K [0x00000000e0000000, 0x00000000ee600000, 0x0000000100000000)
  eden space 200704K, 0% used [0x00000000e0000000,0x00000000e0000000,0x00000000ec400000)
  from space 16384K, 72% used [0x00000000ed480000,0x00000000ee02c668,0x00000000ee480000)
  to   space 16896K, 0% used [0x00000000ec400000,0x00000000ec400000,0x00000000ed480000)
 ParOldGen       total 62976K, used 19378K [0x00000000a0000000, 0x00000000a3d80000, 0x00000000e0000000)
  object space 62976K, 30% used [0x00000000a0000000,0x00000000a12ec900,0x00000000a3d80000)
 Metaspace       used 34652K, capacity 35480K, committed 35496K, reserved 1079296K
  class space    used 4808K, capacity 5018K, committed 5032K, reserved 1048576K
}
Event: 8.866 GC heap before
{Heap before GC invocations=8 (full 2):
 PSYoungGen      total 217088K, used 11953K [0x00000000e0000000, 0x00000000ee600000, 0x0000000100000000)
  eden space 200704K, 0% used [0x00000000e0000000,0x00000000e0000000,0x00000000ec400000)
  from space 16384K, 72% used [0x00000000ed480000,0x00000000ee02c668,0x00000000ee480000)
  to   space 16896K, 0% used [0x00000000ec400000,0x00000000ec400000,0x00000000ed480000)
 ParOldGen       total 62976K, used 19378K [0x00000000a0000000, 0x00000000a3d80000, 0x00000000e0000000)
  object space 62976K, 30% used [0x00000000a0000000,0x00000000a12ec900,0x00000000a3d80000)
 Metaspace       used 34652K, capacity 35480K, committed 35496K, reserved 1079296K
  class space    used 4808K, capacity 5018K, committed 5032K, reserved 1048576K
Event: 9.017 GC heap after
Heap after GC invocations=8 (full 2):
 PSYoungGen      total 217088K, used 0K [0x00000000e0000000, 0x00000000ee600000, 0x0000000100000000)
  eden space 200704K, 0% used [0x00000000e0000000,0x00000000e0000000,0x00000000ec400000)
  from space 16384K, 0% used [0x00000000ed480000,0x00000000ed480000,0x00000000ee480000)
  to   space 16896K, 0% used [0x00000000ec400000,0x00000000ec400000,0x00000000ed480000)
 ParOldGen       total 100352K, used 19950K [0x00000000a0000000, 0x00000000a6200000, 0x00000000e0000000)
  object space 100352K, 19% used [0x00000000a0000000,0x00000000a137ba78,0x00000000a6200000)
 Metaspace       used 34650K, capacity 35474K, committed 35496K, reserved 1079296K
  class space    used 4807K, capacity 5017K, committed 5032K, reserved 1048576K
}
Event: 12.158 GC heap before
{Heap before GC invocations=9 (full 2):
 PSYoungGen      total 217088K, used 200704K [0x00000000e0000000, 0x00000000ee600000, 0x0000000100000000)
  eden space 200704K, 100% used [0x00000000e0000000,0x00000000ec400000,0x00000000ec400000)
  from space 16384K, 0% used [0x00000000ed480000,0x00000000ed480000,0x00000000ee480000)
  to   space 16896K, 0% used [0x00000000ec400000,0x00000000ec400000,0x00000000ed480000)
 ParOldGen       total 100352K, used 19950K [0x00000000a0000000, 0x00000000a6200000, 0x00000000e0000000)
  object space 100352K, 19% used [0x00000000a0000000,0x00000000a137ba78,0x00000000a6200000)
 Metaspace       used 50399K, capacity 51700K, committed 52008K, reserved 1093632K
  class space    used 6772K, capacity 7084K, committed 7208K, reserved 1048576K

